app/manifest-merger-release-report.txt
-- Merging decision tree log ---
manifest
ADDED from AndroidManifest.xml:2:1
	package
		ADDED from AndroidManifest.xml:3:5
		INJECTED from AndroidManifest.xml:0:0
		INJECTED from AndroidManifest.xml:0:0
	android:versionName
		INJECTED from AndroidManifest.xml:0:0
		INJECTED from AndroidManifest.xml:0:0
	xmlns:android
		ADDED from AndroidManifest.xml:2:11
	android:versionCode
		INJECTED from AndroidManifest.xml:0:0
		INJECTED from AndroidManifest.xml:0:0
uses-permission#android.permission.INTERNET
ADDED from AndroidManifest.xml:5:5
MERGED from com.uservoice:uservoice-android-sdk:1.2.4:11:5
	android:name
		ADDED from AndroidManifest.xml:5:22
application
ADDED from AndroidManifest.xml:9:5
MERGED from com.uservoice:uservoice-android-sdk:1.2.4:13:5
MERGED from com.android.support:appcompat-v7:21.0.3:16:5
MERGED from com.android.support:support-v4:21.0.3:16:5
MERGED from com.android.support:support-v4:21.0.3:16:5
	android:label
		ADDED from AndroidManifest.xml:13:9
	android:allowBackup
		ADDED from AndroidManifest.xml:10:9
	android:icon
		ADDED from AndroidManifest.xml:12:9
	android:theme
		ADDED from AndroidManifest.xml:14:9
service#net.myacxy.dashclock.twitch.TwitchExtension
ADDED from AndroidManifest.xml:16:9
	android:label
		ADDED from AndroidManifest.xml:18:18
	android:permission
		ADDED from AndroidManifest.xml:19:18
	android:icon
		ADDED from AndroidManifest.xml:17:18
	android:name
		ADDED from AndroidManifest.xml:16:18
intent-filter#com.google.android.apps.dashclock.Extension
ADDED from AndroidManifest.xml:20:13
action#com.google.android.apps.dashclock.Extension
ADDED from AndroidManifest.xml:21:17
	android:name
		ADDED from AndroidManifest.xml:21:25
meta-data#protocolVersion
ADDED from AndroidManifest.xml:23:13
	android:value
		ADDED from AndroidManifest.xml:24:24
	android:name
		ADDED from AndroidManifest.xml:23:24
meta-data#worldReadable
ADDED from AndroidManifest.xml:25:13
	android:value
		ADDED from AndroidManifest.xml:26:24
	android:name
		ADDED from AndroidManifest.xml:25:24
meta-data#description
ADDED from AndroidManifest.xml:27:13
	android:value
		ADDED from AndroidManifest.xml:28:24
	android:name
		ADDED from AndroidManifest.xml:27:24
meta-data#settingsActivity
ADDED from AndroidManifest.xml:29:13
	android:value
		ADDED from AndroidManifest.xml:30:24
	android:name
		ADDED from AndroidManifest.xml:29:24
activity#net.myacxy.dashclock.twitch.MainDialogActivity
ADDED from AndroidManifest.xml:42:9
	android:exported
		ADDED from AndroidManifest.xml:45:19
	android:icon
		ADDED from AndroidManifest.xml:44:19
	android:theme
		ADDED from AndroidManifest.xml:43:19
	android:name
		ADDED from AndroidManifest.xml:42:19
activity#net.myacxy.dashclock.twitch.TwitchSettingsActivity
ADDED from AndroidManifest.xml:47:9
	android:label
		ADDED from AndroidManifest.xml:48:19
	android:exported
		ADDED from AndroidManifest.xml:49:19
	android:name
		ADDED from AndroidManifest.xml:47:19
uses-sdk
INJECTED from AndroidManifest.xml:0:0 reason: use-sdk injection requested
MERGED from com.uservoice:uservoice-android-sdk:1.2.4:7:5
MERGED from com.android.support:appcompat-v7:21.0.3:15:5
MERGED from com.android.support:support-v4:21.0.3:15:5
MERGED from com.android.support:support-v4:21.0.3:15:5
	android:targetSdkVersion
		INJECTED from AndroidManifest.xml:0:0
		INJECTED from AndroidManifest.xml:0:0
	android:minSdkVersion
		INJECTED from AndroidManifest.xml:0:0
		INJECTED from AndroidManifest.xml:0:0
activity#com.uservoice.uservoicesdk.activity.PortalActivity
ADDED from com.uservoice:uservoice-android-sdk:1.2.4:14:9
	android:theme
		ADDED from com.uservoice:uservoice-android-sdk:1.2.4:16:13
	android:name
		ADDED from com.uservoice:uservoice-android-sdk:1.2.4:15:13
activity#com.uservoice.uservoicesdk.activity.ForumActivity
ADDED from com.uservoice:uservoice-android-sdk:1.2.4:17:9
	android:theme
		ADDED from com.uservoice:uservoice-android-sdk:1.2.4:19:13
	android:name
		ADDED from com.uservoice:uservoice-android-sdk:1.2.4:18:13
activity#com.uservoice.uservoicesdk.activity.ArticleActivity
ADDED from com.uservoice:uservoice-android-sdk:1.2.4:20:9
	android:theme
		ADDED from com.uservoice:uservoice-android-sdk:1.2.4:22:13
	android:name
		ADDED from com.uservoice:uservoice-android-sdk:1.2.4:21:13
activity#com.uservoice.uservoicesdk.activity.TopicActivity
ADDED from com.uservoice:uservoice-android-sdk:1.2.4:23:9
	android:theme
		ADDED from com.uservoice:uservoice-android-sdk:1.2.4:25:13
	android:name
		ADDED from com.uservoice:uservoice-android-sdk:1.2.4:24:13
activity#com.uservoice.uservoicesdk.activity.ContactActivity
ADDED from com.uservoice:uservoice-android-sdk:1.2.4:26:9
	android:configChanges
		ADDED from com.uservoice:uservoice-android-sdk:1.2.4:28:13
	android:theme
		ADDED from com.uservoice:uservoice-android-sdk:1.2.4:29:13
	android:name
		ADDED from com.uservoice:uservoice-android-sdk:1.2.4:27:13
activity#com.uservoice.uservoicesdk.activity.PostIdeaActivity
ADDED from com.uservoice:uservoice-android-sdk:1.2.4:30:9
	android:configChanges
		ADDED from com.uservoice:uservoice-android-sdk:1.2.4:32:13
	android:theme
		ADDED from com.uservoice:uservoice-android-sdk:1.2.4:33:13
	android:name
		ADDED from com.uservoice:uservoice-android-sdk:1.2.4:31:13